<?xml version="1.0" encoding="UTF-8"?>
<testng-results ignored="0" total="3" passed="3" failed="0" skipped="0">
  <reporter-output>
  </reporter-output>
  <suite started-at="2023-02-25T15:54:08 MSK" name="Default Suite" finished-at="2023-02-25T15:54:36 MSK" duration-ms="28097">
    <groups>
      <group name="smoke">
        <method signature="LoginTest.validAdminLogin()[pri:0, instance:com.exelenter.testcases.LoginTest@212bf671]" name="validAdminLogin" class="com.exelenter.testcases.LoginTest"/>
        <method signature="LoginTest.validUserEmptyPassword()[pri:0, instance:com.exelenter.testcases.LoginTest@212bf671]" name="validUserEmptyPassword" class="com.exelenter.testcases.LoginTest"/>
        <method signature="LoginTest.validUserInvalidPassword()[pri:0, instance:com.exelenter.testcases.LoginTest@212bf671]" name="validUserInvalidPassword" class="com.exelenter.testcases.LoginTest"/>
      </group> <!-- smoke -->
    </groups>
    <test started-at="2023-02-25T15:54:08 MSK" name="TestNGFramework" finished-at="2023-02-25T15:54:36 MSK" duration-ms="28097">
      <class name="com.exelenter.testcases.LoginTest">
        <test-method is-config="true" signature="setUp()[pri:0, instance:com.exelenter.testcases.LoginTest@212bf671]" started-at="2023-02-25T15:54:08 MSK" name="setUp" finished-at="2023-02-25T15:54:13 MSK" duration-ms="4782" status="PASS">
          <reporter-output>
          </reporter-output>
        </test-method> <!-- setUp -->
        <test-method signature="validAdminLogin()[pri:0, instance:com.exelenter.testcases.LoginTest@212bf671]" started-at="2023-02-25T15:54:13 MSK" name="validAdminLogin" finished-at="2023-02-25T15:54:17 MSK" duration-ms="4276" status="PASS">
          <reporter-output>
          </reporter-output>
        </test-method> <!-- validAdminLogin -->
        <test-method is-config="true" signature="tearDown()[pri:0, instance:com.exelenter.testcases.LoginTest@212bf671]" started-at="2023-02-25T15:54:17 MSK" name="tearDown" finished-at="2023-02-25T15:54:19 MSK" duration-ms="2144" status="PASS">
          <reporter-output>
          </reporter-output>
        </test-method> <!-- tearDown -->
        <test-method is-config="true" signature="setUp()[pri:0, instance:com.exelenter.testcases.LoginTest@212bf671]" started-at="2023-02-25T15:54:19 MSK" name="setUp" finished-at="2023-02-25T15:54:24 MSK" duration-ms="4830" status="PASS">
          <reporter-output>
          </reporter-output>
        </test-method> <!-- setUp -->
        <test-method signature="validUserEmptyPassword()[pri:0, instance:com.exelenter.testcases.LoginTest@212bf671]" started-at="2023-02-25T15:54:24 MSK" name="validUserEmptyPassword" finished-at="2023-02-25T15:54:25 MSK" duration-ms="1060" status="PASS">
          <reporter-output>
          </reporter-output>
        </test-method> <!-- validUserEmptyPassword -->
        <test-method is-config="true" signature="tearDown()[pri:0, instance:com.exelenter.testcases.LoginTest@212bf671]" started-at="2023-02-25T15:54:25 MSK" name="tearDown" finished-at="2023-02-25T15:54:27 MSK" duration-ms="2115" status="PASS">
          <reporter-output>
          </reporter-output>
        </test-method> <!-- tearDown -->
        <test-method is-config="true" signature="setUp()[pri:0, instance:com.exelenter.testcases.LoginTest@212bf671]" started-at="2023-02-25T15:54:27 MSK" name="setUp" finished-at="2023-02-25T15:54:31 MSK" duration-ms="4365" status="PASS">
          <reporter-output>
          </reporter-output>
        </test-method> <!-- setUp -->
        <test-method signature="validUserInvalidPassword()[pri:0, instance:com.exelenter.testcases.LoginTest@212bf671]" started-at="2023-02-25T15:54:31 MSK" name="validUserInvalidPassword" finished-at="2023-02-25T15:54:34 MSK" duration-ms="2371" status="PASS">
          <reporter-output>
          </reporter-output>
        </test-method> <!-- validUserInvalidPassword -->
        <test-method is-config="true" signature="tearDown()[pri:0, instance:com.exelenter.testcases.LoginTest@212bf671]" started-at="2023-02-25T15:54:34 MSK" name="tearDown" finished-at="2023-02-25T15:54:36 MSK" duration-ms="2126" status="PASS">
          <reporter-output>
          </reporter-output>
        </test-method> <!-- tearDown -->
      </class> <!-- com.exelenter.testcases.LoginTest -->
    </test> <!-- TestNGFramework -->
  </suite> <!-- Default Suite -->
</testng-results>
