<?xml version="1.0" encoding="UTF-8"?>
<!-- Generated by org.testng.reporters.JUnitXMLReporter -->
<testsuite ignored="0" hostname="Tohirs-MacBook-Pro.local" failures="0" tests="3" name="TestNGFramework" time="28.097" errors="0" timestamp="2023-02-25T15:54:36 MSK">
  <testcase classname="com.exelenter.testcases.LoginTest" name="validAdminLogin" time="4.276"/>
  <testcase classname="com.exelenter.testcases.LoginTest" name="validUserEmptyPassword" time="1.06"/>
  <testcase classname="com.exelenter.testcases.LoginTest" name="validUserInvalidPassword" time="2.371"/>
</testsuite> <!-- TestNGFramework -->
